Sep 19 15:24:45.522 ERRO Unable to find the pkg directory at path "/Users/vsubhuman/projects/cardano-serialization-lib/rust", or in a child directory of "/Users/vsubhuman/projects/cardano-serialization-lib/rust"
Sep 26 01:29:56.633 ERRO Unable to find the pkg directory at path "/Users/vsubhuman/projects/cardano-serialization-lib/rust", or in a child directory of "/Users/vsubhuman/projects/cardano-serialization-lib/rust"
Oct 26 23:50:05.695 ERRO Compiling your crate to WebAssembly
Oct 26 23:50:05.713 ERRO Unable to find the pkg directory at path "/Users/vsubhuman/projects/cardano-serialization-lib/rust", or in a child directory of "/Users/vsubhuman/projects/cardano-serialization-lib/rust"
Oct 26 23:53:44.105 ERRO Compiling your crate to WebAssembly
Oct 26 23:53:44.115 ERRO Unable to find the pkg directory at path "/Users/vsubhuman/projects/cardano-serialization-lib/rust", or in a child directory of "/Users/vsubhuman/projects/cardano-serialization-lib/rust"
Oct 26 23:56:06.755 ERRO Compiling your crate to WebAssembly
Oct 26 23:56:06.822 ERRO Unable to find the pkg directory at path "/Users/vsubhuman/projects/cardano-serialization-lib/rust", or in a child directory of "/Users/vsubhuman/projects/cardano-serialization-lib/rust"
Oct 26 23:58:35.866 ERRO Compiling your crate to WebAssembly
Oct 26 23:58:35.940 ERRO Unable to find the pkg directory at path "/Users/vsubhuman/projects/cardano-serialization-lib/rust", or in a child directory of "/Users/vsubhuman/projects/cardano-serialization-lib/rust"
Oct 27 00:02:19.470 ERRO Compiling your crate to WebAssembly
Oct 27 00:02:19.538 ERRO Unable to find the pkg directory at path "/Users/vsubhuman/projects/cardano-serialization-lib/rust", or in a child directory of "/Users/vsubhuman/projects/cardano-serialization-lib/rust"
Oct 27 00:08:52.134 ERRO Compiling your crate to WebAssembly
Oct 27 00:08:52.216 ERRO Unable to find the pkg directory at path "/Users/vsubhuman/projects/cardano-serialization-lib/rust", or in a child directory of "/Users/vsubhuman/projects/cardano-serialization-lib/rust"
Oct 27 00:10:31.041 ERRO Compiling your crate to WebAssembly
Oct 27 00:10:31.109 ERRO Unable to find the pkg directory at path "/Users/vsubhuman/projects/cardano-serialization-lib/rust", or in a child directory of "/Users/vsubhuman/projects/cardano-serialization-lib/rust"
Oct 27 00:11:54.601 ERRO Compiling your crate to WebAssembly
Oct 27 00:11:54.683 ERRO Unable to find the pkg directory at path "/Users/vsubhuman/projects/cardano-serialization-lib/rust", or in a child directory of "/Users/vsubhuman/projects/cardano-serialization-lib/rust"
Oct 27 00:12:55.607 ERRO Compiling your crate to WebAssembly
Oct 27 00:12:55.686 ERRO Unable to find the pkg directory at path "/Users/vsubhuman/projects/cardano-serialization-lib/rust", or in a child directory of "/Users/vsubhuman/projects/cardano-serialization-lib/rust"
Nov 04 00:44:22.268 ERRO Unable to find the pkg directory at path "/Users/vsubhuman/projects/cardano-serialization-lib/rust", or in a child directory of "/Users/vsubhuman/projects/cardano-serialization-lib/rust"
Nov 09 00:06:32.435 ERRO Compiling your crate to WebAssembly
Nov 09 00:06:32.449 ERRO Unable to find the pkg directory at path "/Users/vsubhuman/projects/cardano-serialization-lib/rust", or in a child directory of "/Users/vsubhuman/projects/cardano-serialization-lib/rust"
Nov 09 00:08:16.006 ERRO Compiling your crate to WebAssembly
Nov 09 00:08:16.016 ERRO Unable to find the pkg directory at path "/Users/vsubhuman/projects/cardano-serialization-lib/rust", or in a child directory of "/Users/vsubhuman/projects/cardano-serialization-lib/rust"
Nov 09 00:10:30.968 ERRO Compiling your crate to WebAssembly
Nov 09 00:10:30.978 ERRO Unable to find the pkg directory at path "/Users/vsubhuman/projects/cardano-serialization-lib/rust", or in a child directory of "/Users/vsubhuman/projects/cardano-serialization-lib/rust"
Nov 09 00:10:57.002 ERRO Compiling your crate to WebAssembly
Nov 09 00:10:57.012 ERRO Unable to find the pkg directory at path "/Users/vsubhuman/projects/cardano-serialization-lib/rust", or in a child directory of "/Users/vsubhuman/projects/cardano-serialization-lib/rust"
Nov 09 00:48:46.311 ERRO Compiling your crate to WebAssembly
Nov 09 00:48:46.321 ERRO Unable to find the pkg directory at path "/Users/vsubhuman/projects/cardano-serialization-lib/rust", or in a child directory of "/Users/vsubhuman/projects/cardano-serialization-lib/rust"
Nov 09 01:12:12.971 ERRO Compiling your crate to WebAssembly
Nov 09 01:12:12.982 ERRO Unable to find the pkg directory at path "/Users/vsubhuman/projects/cardano-serialization-lib/rust", or in a child directory of "/Users/vsubhuman/projects/cardano-serialization-lib/rust"
Nov 09 01:13:05.862 ERRO Compiling your crate to WebAssembly
Nov 09 01:13:05.873 ERRO Unable to find the pkg directory at path "/Users/vsubhuman/projects/cardano-serialization-lib/rust", or in a child directory of "/Users/vsubhuman/projects/cardano-serialization-lib/rust"
Nov 09 01:15:03.403 ERRO Compiling your crate to WebAssembly
Nov 09 01:15:03.413 ERRO Unable to find the pkg directory at path "/Users/vsubhuman/projects/cardano-serialization-lib/rust", or in a child directory of "/Users/vsubhuman/projects/cardano-serialization-lib/rust"
Nov 23 18:23:32.776 ERRO Compiling your crate to WebAssembly
Nov 23 18:23:32.787 ERRO Unable to find the pkg directory at path "/Users/vsubhuman/projects/cardano-serialization-lib/rust", or in a child directory of "/Users/vsubhuman/projects/cardano-serialization-lib/rust"
Nov 23 18:27:15.945 ERRO Compiling your crate to WebAssembly
Nov 23 18:27:15.953 ERRO Unable to find the pkg directory at path "/Users/vsubhuman/projects/cardano-serialization-lib/rust", or in a child directory of "/Users/vsubhuman/projects/cardano-serialization-lib/rust"
Dec 01 14:02:43.561 ERRO Compiling your crate to WebAssembly
Dec 01 14:02:43.572 ERRO Unable to find the pkg directory at path "/Users/vsubhuman/projects/cardano-serialization-lib/rust", or in a child directory of "/Users/vsubhuman/projects/cardano-serialization-lib/rust"
Dec 01 14:06:27.774 ERRO Compiling your crate to WebAssembly
Dec 01 14:06:27.784 ERRO Unable to find the pkg directory at path "/Users/vsubhuman/projects/cardano-serialization-lib/rust", or in a child directory of "/Users/vsubhuman/projects/cardano-serialization-lib/rust"
Dec 01 19:09:22.623 ERRO Compiling your crate to WebAssembly
Dec 01 19:09:22.633 ERRO Unable to find the pkg directory at path "/Users/vsubhuman/projects/cardano-serialization-lib/rust", or in a child directory of "/Users/vsubhuman/projects/cardano-serialization-lib/rust"
Dec 10 23:51:19.529 ERRO Compiling your crate to WebAssembly
Dec 10 23:51:19.541 ERRO Unable to find the pkg directory at path "/Users/vsubhuman/projects/cardano-serialization-lib/rust", or in a child directory of "/Users/vsubhuman/projects/cardano-serialization-lib/rust"
Dec 10 23:52:58.209 ERRO Compiling your crate to WebAssembly
Dec 10 23:52:58.222 ERRO Unable to find the pkg directory at path "/Users/vsubhuman/projects/cardano-serialization-lib/rust", or in a child directory of "/Users/vsubhuman/projects/cardano-serialization-lib/rust"
Feb 05 23:44:23.271 ERRO Compiling your crate to WebAssembly
Feb 05 23:44:23.283 ERRO Unable to find the pkg directory at path "/Users/vsubhuman/projects/cardano-serialization-lib/rust", or in a child directory of "/Users/vsubhuman/projects/cardano-serialization-lib/rust"
Feb 05 23:47:40.573 ERRO Compiling your crate to WebAssembly
Feb 05 23:47:40.582 ERRO Unable to find the pkg directory at path "/Users/vsubhuman/projects/cardano-serialization-lib/rust", or in a child directory of "/Users/vsubhuman/projects/cardano-serialization-lib/rust"
Feb 07 12:25:31.268 ERRO Compiling your crate to WebAssembly
Feb 07 12:25:31.277 ERRO Unable to find the pkg directory at path "/Users/vsubhuman/projects/cardano-serialization-lib/rust", or in a child directory of "/Users/vsubhuman/projects/cardano-serialization-lib/rust"
Feb 07 12:38:20.289 ERRO Compiling your crate to WebAssembly
Feb 07 12:38:20.299 ERRO Unable to find the pkg directory at path "/Users/vsubhuman/projects/cardano-serialization-lib/rust", or in a child directory of "/Users/vsubhuman/projects/cardano-serialization-lib/rust"
Feb 08 14:19:09.144 ERRO Compiling your crate to WebAssembly
Feb 08 14:19:09.355 ERRO Unable to find the pkg directory at path "/Users/vsubhuman/projects/cardano-serialization-lib/rust", or in a child directory of "/Users/vsubhuman/projects/cardano-serialization-lib/rust"
Feb 08 14:21:24.527 ERRO Compiling your crate to WebAssembly
Feb 08 14:21:24.725 ERRO Unable to find the pkg directory at path "/Users/vsubhuman/projects/cardano-serialization-lib/rust", or in a child directory of "/Users/vsubhuman/projects/cardano-serialization-lib/rust"
Feb 08 14:23:33.121 ERRO Compiling your crate to WebAssembly
Feb 08 14:23:33.315 ERRO Unable to find the pkg directory at path "/Users/vsubhuman/projects/cardano-serialization-lib/rust", or in a child directory of "/Users/vsubhuman/projects/cardano-serialization-lib/rust"
Apr 25 17:26:22.034 ERRO Compiling your crate to WebAssembly
Apr 25 17:26:22.046 ERRO Unable to find the pkg directory at path "/Users/vsubhuman/projects/cardano-serialization-lib/rust", or in a child directory of "/Users/vsubhuman/projects/cardano-serialization-lib/rust"
Apr 25 17:56:26.727 ERRO Compiling your crate to WebAssembly
Apr 25 17:56:26.736 ERRO Unable to find the pkg directory at path "/Users/vsubhuman/projects/cardano-serialization-lib/rust", or in a child directory of "/Users/vsubhuman/projects/cardano-serialization-lib/rust"
Apr 25 17:59:09.660 ERRO Compiling your crate to WebAssembly
Apr 25 17:59:09.670 ERRO Unable to find the pkg directory at path "/Users/vsubhuman/projects/cardano-serialization-lib/rust", or in a child directory of "/Users/vsubhuman/projects/cardano-serialization-lib/rust"
Apr 25 17:59:37.571 ERRO Compiling your crate to WebAssembly
Apr 25 17:59:37.581 ERRO Unable to find the pkg directory at path "/Users/vsubhuman/projects/cardano-serialization-lib/rust", or in a child directory of "/Users/vsubhuman/projects/cardano-serialization-lib/rust"
May 17 13:16:07.271 ERRO Compiling your crate to WebAssembly
May 17 13:16:07.281 ERRO Unable to find the pkg directory at path "/Users/vsubhuman/projects/cardano-serialization-lib/rust", or in a child directory of "/Users/vsubhuman/projects/cardano-serialization-lib/rust"
May 18 13:42:49.476 ERRO Compiling your crate to WebAssembly
May 18 13:42:49.489 ERRO Unable to find the pkg directory at path "/Users/vsubhuman/projects/cardano-serialization-lib/rust", or in a child directory of "/Users/vsubhuman/projects/cardano-serialization-lib/rust"
May 31 14:34:10.965 ERRO Compiling your crate to WebAssembly
May 31 14:34:10.977 ERRO Unable to find the pkg directory at path "/Users/vsubhuman/projects/cardano-serialization-lib/rust", or in a child directory of "/Users/vsubhuman/projects/cardano-serialization-lib/rust"
May 31 14:37:48.778 ERRO Compiling your crate to WebAssembly
May 31 14:37:48.786 ERRO Unable to find the pkg directory at path "/Users/vsubhuman/projects/cardano-serialization-lib/rust", or in a child directory of "/Users/vsubhuman/projects/cardano-serialization-lib/rust"
May 31 14:39:01.511 ERRO Compiling your crate to WebAssembly
May 31 14:39:01.521 ERRO Unable to find the pkg directory at path "/Users/vsubhuman/projects/cardano-serialization-lib/rust", or in a child directory of "/Users/vsubhuman/projects/cardano-serialization-lib/rust"
May 31 14:39:56.062 ERRO Compiling your crate to WebAssembly
May 31 14:39:56.072 ERRO Unable to find the pkg directory at path "/Users/vsubhuman/projects/cardano-serialization-lib/rust", or in a child directory of "/Users/vsubhuman/projects/cardano-serialization-lib/rust"
May 31 14:43:42.545 ERRO Compiling your crate to WebAssembly
May 31 14:43:42.553 ERRO Unable to find the pkg directory at path "/Users/vsubhuman/projects/cardano-serialization-lib/rust", or in a child directory of "/Users/vsubhuman/projects/cardano-serialization-lib/rust"
